       111.00000
       112.00000
       122.00000
       124.00000
       128.00000
       132.00000
       134.00000
       136.00000
       137.00000
       138.00000
       142.00000
       144.00000
       146.00000
       156.00000
       158.00000
       172.00000
       174.00000
       176.00000
       178.00000
       181.00000
       182.00000
       184.00000
       186.00000
       193.00000
       196.00000
       199.00000
       213.00000
       218.00000
       223.00000
       228.00000
       233.00000
       238.00000
       243.00000
       248.00000
       253.00000
       258.00000
       263.00000
       268.00000
       273.00000
       278.00000
       283.00000
       288.00000
       293.00000
       298.00000
       299.00000
       311.00000
       313.00000
       316.00000
       321.00000
       328.00000
       336.00000
       339.00000
       343.00000
       353.00000
       362.00000
       364.00000
       366.00000
       369.00000
       419.00000
       423.00000
       429.00000
       433.00000
       436.00000
       439.00000
       443.00000
       446.00000
       449.00000
       453.00000
       463.00000
       466.00000
       469.00000
       512.00000
       513.00000
       518.00000
       524.00000
       532.00000
       534.00000
       536.00000
       542.00000
       544.00000
       548.00000
       556.00000
       558.00000
       564.00000
       566.00000
       576.00000
       578.00000
       582.00000
       611.00000
       612.00000
       616.00000
       618.00000
       622.00000
       624.00000
       626.00000
       628.00000
       632.00000
       634.00000
       636.00000
       638.00000
       642.00000
       644.00000
       646.00000
       648.00000
       652.00000
       654.00000
       656.00000
       662.00000
       664.00000
       666.00000
       668.00000
       672.00000
       674.00000
       676.00000
       678.00000
       682.00000
       684.00000
       686.00000
       688.00000
       692.00000
       694.00000
       698.00000
       714.00000
       716.00000
       718.00000
       722.00000
       724.00000
       726.00000
       732.00000
       734.00000
       738.00000
       742.00000
       744.00000
       746.00000
       748.00000
       754.00000
       813.00000
       819.00000
       846.00000
       853.00000
       862.00000
       866.00000
       911.00000
       912.00000
       913.00000
       914.00000
       915.00000
       916.00000
       917.00000
       918.00000
       921.00000
       922.00000
       923.00000
       924.00000
       925.00000
       926.00000
       927.00000
       935.00000
       936.00000
       939.00000
       941.00000
       944.00000
       946.00000
       961.00000
       963.00000
       964.00000
       968.00000
